<?xml version="1.0" encoding="UTF-8"?>
<!-- Generated by org.testng.reporters.JUnitReportReporter -->
<testsuite hostname="DESKTOP-S6OF7P0" failures="0" tests="2" name="org.phpbb.selenium.automation.NewTest" time="6.290" errors="0" timestamp="2024-02-12T15:56:25 GMT-06:00" skipped="0">
  <testcase classname="org.phpbb.selenium.automation.NewTest" name="testFirefoxDriverDependency" time="6.287"/>
  <testcase classname="org.phpbb.selenium.automation.NewTest" name="testTestNGDependency" time="0.003"/>
</testsuite> <!-- org.phpbb.selenium.automation.NewTest -->
