<?xml version="1.0" encoding="UTF-8"?>
<!-- Generated by org.testng.reporters.JUnitReportReporter -->
<testsuite hostname="DESKTOP-S6OF7P0" failures="0" tests="3" name="org.phpbb.selenium.automation.tests.TestScenarios" time="0.760" errors="0" timestamp="2024-02-19T15:51:25 GMT-06:00" skipped="0">
  <testcase classname="org.phpbb.selenium.automation.tests.TestScenarios" name="test_verify_register_button" time="0.245"/>
  <testcase classname="org.phpbb.selenium.automation.tests.TestScenarios" name="test_verify_login_button" time="0.350"/>
  <testcase classname="org.phpbb.selenium.automation.tests.TestScenarios" name="test_verify_logo" time="0.165"/>
</testsuite> <!-- org.phpbb.selenium.automation.tests.TestScenarios -->
