<?xml version="1.0" encoding="UTF-8"?>
<!-- Generated by org.testng.reporters.JUnitReportReporter -->
<testsuite hostname="DESKTOP-S6OF7P0" failures="0" tests="3" name="org.phpbb.selenium.automation.tests.TestScenariosByClass" time="0.682" errors="0" timestamp="2024-02-20T12:15:35 GMT-06:00" skipped="0">
  <testcase classname="org.phpbb.selenium.automation.tests.TestScenariosByClass" name="test_verify_logo" time="0.170"/>
  <testcase classname="org.phpbb.selenium.automation.tests.TestScenariosByClass" name="test_verify_register_button" time="0.251"/>
  <testcase classname="org.phpbb.selenium.automation.tests.TestScenariosByClass" name="test_verify_login_button" time="0.261"/>
</testsuite> <!-- org.phpbb.selenium.automation.tests.TestScenariosByClass -->
